<?xml version="1.0" encoding="UTF-8"?>
<!-- Generated by org.testng.reporters.JUnitReportReporter -->
<testsuite hostname="DESKTOP-M77CS71" failures="0" tests="3" name="com.mystore.testcases.TC_productpageTest" time="7.815" errors="0" timestamp="2022-10-05T12:07:21 IST" skipped="2">
  <testcase classname="com.mystore.testcases.TC_productpageTest" name="veryfyaddtowishlistwithoutlogin" time="7.815"/>
  <system-out/>
  <testcase classname="com.mystore.testcases.TC_productpageTest" name="veryfybuyproduct">
    <skipped/>
  </testcase> <!-- veryfybuyproduct -->
  <system-out/>
  <testcase classname="com.mystore.testcases.TC_productpageTest" name="veryfysearchproduct">
    <skipped/>
  </testcase> <!-- veryfysearchproduct -->
  <system-out/>
</testsuite> <!-- com.mystore.testcases.TC_productpageTest -->
