<?xml version="1.0" encoding="UTF-8"?>
<!-- Generated by org.testng.reporters.JUnitReportReporter -->
<testsuite hostname="DESKTOP-M77CS71" failures="0" tests="3" name="com.mystore.testcases.TC_MyAccountPageTest" time="53.334" errors="0" timestamp="2022-10-05T12:07:21 IST" skipped="2">
  <testcase classname="com.mystore.testcases.TC_MyAccountPageTest" name="signout" time="53.334"/>
  <system-out/>
  <testcase classname="com.mystore.testcases.TC_MyAccountPageTest" name="veryfylogin">
    <skipped/>
  </testcase> <!-- veryfylogin -->
  <system-out/>
  <testcase classname="com.mystore.testcases.TC_MyAccountPageTest" name="verifyRegistrationAndLogin">
    <skipped/>
  </testcase> <!-- verifyRegistrationAndLogin -->
  <system-out/>
</testsuite> <!-- com.mystore.testcases.TC_MyAccountPageTest -->
