<?xml version="1.0" encoding="UTF-8"?>
<!-- Generated by org.testng.reporters.JUnitReportReporter -->
<testsuite hostname="DESKTOP-M77CS71" failures="0" tests="3" name="com.mystore.testcases.TC_MyAccountPageTestDatadriventesting" time="28.749" errors="0" timestamp="2022-10-03T14:18:52 IST" skipped="1">
  <testcase classname="com.mystore.testcases.TC_MyAccountPageTestDatadriventesting" name="veryfylogin" time="12.486"/>
  <system-out/>
  <testcase classname="com.mystore.testcases.TC_MyAccountPageTestDatadriventesting" name="veryfylogin" time="16.263"/>
  <system-out/>
  <testcase classname="com.mystore.testcases.TC_MyAccountPageTestDatadriventesting" name="verifyRegistrationAndLogin">
    <skipped/>
  </testcase> <!-- verifyRegistrationAndLogin -->
  <system-out/>
</testsuite> <!-- com.mystore.testcases.TC_MyAccountPageTestDatadriventesting -->
